{
  "0 debug pnpm:scope": {
    "selected": 1
  },
  "1 error pnpm": {
    "errno": 1,
    "code": "ELIFECYCLE",
    "pkgid": "calculator@1.0.0",
    "stage": "calculateBmi",
    "script": "ts-node bmiCalculator.ts \"180\" \"91\"",
    "pkgname": "calculator",
    "err": {
      "name": "pnpm",
      "message": "calculator@1.0.0 calculateBmi: `ts-node bmiCalculator.ts \"180\" \"91\"`\nExit status 1",
      "code": "ELIFECYCLE",
      "stack": "pnpm: calculator@1.0.0 calculateBmi: `ts-node bmiCalculator.ts \"180\" \"91\"`\nExit status 1\n    at EventEmitter.<anonymous> (/home/zguba/.nvm/versions/node/v16.14.0/lib/node_modules/pnpm/dist/pnpm.cjs:106886:20)\n    at EventEmitter.emit (node:events:520:28)\n    at ChildProcess.<anonymous> (/home/zguba/.nvm/versions/node/v16.14.0/lib/node_modules/pnpm/dist/pnpm.cjs:93455:18)\n    at ChildProcess.emit (node:events:520:28)\n    at maybeClose (node:internal/child_process:1092:16)\n    at Process.ChildProcess._handle.onexit (node:internal/child_process:302:5)"
    }
  },
  "2 warn pnpm:global": " Local package.json exists, but node_modules missing, did you mean to install?"
}