{
  "0 debug pnpm:scope": {
    "selected": 1
  },
  "1 error pnpm": {
    "errno": 1,
    "code": "ELIFECYCLE",
    "pkgid": "library-backend@1.0.0",
    "stage": "start",
    "script": "node server.js",
    "pkgname": "library-backend",
    "err": {
      "name": "pnpm",
      "message": "library-backend@1.0.0 start: `node server.js`\nExit status 1",
      "code": "ELIFECYCLE",
      "stack": "pnpm: library-backend@1.0.0 start: `node server.js`\nExit status 1\n    at EventEmitter.<anonymous> (/home/mateusz/.nvm/versions/node/v16.13.1/lib/node_modules/pnpm/dist/pnpm.cjs:106886:20)\n    at EventEmitter.emit (node:events:390:28)\n    at ChildProcess.<anonymous> (/home/mateusz/.nvm/versions/node/v16.13.1/lib/node_modules/pnpm/dist/pnpm.cjs:93455:18)\n    at ChildProcess.emit (node:events:390:28)\n    at maybeClose (node:internal/child_process:1064:16)\n    at Process.ChildProcess._handle.onexit (node:internal/child_process:301:5)"
    }
  },
  "2 warn pnpm:global": " Local package.json exists, but node_modules missing, did you mean to install?"
}